*** Starting uWSGI 2.0.12 (64bit) on [Thu Apr 14 16:57:52 2016] ***
compiled with version: 4.8.2 on 14 April 2016 16:38:50
os: Linux-3.13.0-65-generic #106-Ubuntu SMP Fri Oct 2 22:08:27 UTC 2015
nodename: iZ94wpb0f0qZ
machine: x86_64
clock source: unix
detected number of CPU cores: 1
current working directory: /home/chenjialin/myflask
*** running under screen session 10216.runapp ***
writing pidfile to uwsgi.pid
detected binary path: /home/chenjialin/env/bin/uwsgi
!!! no internal routing support, rebuild with pcre support !!!
uWSGI running as root, you can use --uid/--gid/--chroot options
*** WARNING: you are running uWSGI as root !!! (use the --uid flag) *** 
your processes number limit is 7770
your memory page size is 4096 bytes
 *** WARNING: you have enabled harakiri without post buffering. Slow upload could be rejected on post-unbuffered webservers *** 
detected max file descriptor number: 65535
lock engine: pthread robust mutexes
thunder lock: disabled (you can enable it with --thunder-lock)
uWSGI http bound on 127.0.0.1:5000 fd 4
uwsgi socket 0 bound to TCP address 127.0.0.1:56768 (port auto-assigned) fd 3
Python version: 2.7.6 (default, Jun 22 2015, 18:01:27)  [GCC 4.8.2]
*** Python threads support is disabled. You can enable it with --enable-threads ***
Python main interpreter initialized at 0xf320a0
your server socket listen backlog is limited to 100 connections
your mercy for graceful operations on workers is 60 seconds
mapped 765432 bytes (747 KB) for 8 cores
*** Operational MODE: preforking ***
added /home/chenjialin/env/bin/ to pythonpath.
unable to load app 0 (mountpoint='') (callable not found or import error)
*** no app loaded. going in full dynamic mode ***
*** uWSGI is running in multiple interpreter mode ***
spawned uWSGI master process (pid: 15143)
spawned uWSGI worker 1 (pid: 15146, cores: 1)
spawned uWSGI worker 2 (pid: 15147, cores: 1)
spawned uWSGI worker 3 (pid: 15148, cores: 1)
spawned uWSGI worker 4 (pid: 15149, cores: 1)
spawned uWSGI worker 5 (pid: 15150, cores: 1)
spawned uWSGI worker 6 (pid: 15151, cores: 1)
spawned uWSGI worker 7 (pid: 15152, cores: 1)
spawned uWSGI worker 8 (pid: 15153, cores: 1)
*** Stats server enabled on 127.0.0.1:1733 fd: 26 ***
spawned uWSGI http 1 (pid: 15154)
*** Starting uWSGI 2.0.12 (64bit) on [Thu Apr 14 16:58:28 2016] ***
compiled with version: 4.8.2 on 14 April 2016 16:38:50
os: Linux-3.13.0-65-generic #106-Ubuntu SMP Fri Oct 2 22:08:27 UTC 2015
nodename: iZ94wpb0f0qZ
machine: x86_64
clock source: unix
detected number of CPU cores: 1
current working directory: /home/chenjialin/myflask
*** running under screen session 10216.runapp ***
writing pidfile to uwsgi.pid
detected binary path: /home/chenjialin/env/bin/uwsgi
!!! no internal routing support, rebuild with pcre support !!!
uWSGI running as root, you can use --uid/--gid/--chroot options
*** WARNING: you are running uWSGI as root !!! (use the --uid flag) *** 
your processes number limit is 7770
your memory page size is 4096 bytes
 *** WARNING: you have enabled harakiri without post buffering. Slow upload could be rejected on post-unbuffered webservers *** 
detected max file descriptor number: 65535
lock engine: pthread robust mutexes
thunder lock: disabled (you can enable it with --thunder-lock)
probably another instance of uWSGI is running on the same address (127.0.0.1:5000).
bind(): Address already in use [core/socket.c line 769]
gateway "uWSGI http 1" has been buried (pid: 15154)
...brutally killing workers...
worker 1 buried after 1 seconds
worker 2 buried after 1 seconds
worker 3 buried after 1 seconds
worker 4 buried after 1 seconds
worker 5 buried after 1 seconds
worker 6 buried after 1 seconds
worker 7 buried after 1 seconds
worker 8 buried after 1 seconds
binary reloading uWSGI...
chdir() to /home/chenjialin/myflask
closing all non-uwsgi socket fds > 2 (max_fd = 65535)...
found fd 3 mapped to socket 0 (127.0.0.1:56768)
running /home/chenjialin/env/bin/uwsgi
[uWSGI] getting INI configuration from conf/uwsgi.ini
*** Starting uWSGI 2.0.12 (64bit) on [Thu Apr 14 17:01:21 2016] ***
compiled with version: 4.8.2 on 14 April 2016 16:38:50
os: Linux-3.13.0-65-generic #106-Ubuntu SMP Fri Oct 2 22:08:27 UTC 2015
nodename: iZ94wpb0f0qZ
machine: x86_64
clock source: unix
detected number of CPU cores: 1
current working directory: /home/chenjialin/myflask
*** running under screen session 10216.runapp ***
detected binary path: /home/chenjialin/env/bin/uwsgi
!!! no internal routing support, rebuild with pcre support !!!
uWSGI running as root, you can use --uid/--gid/--chroot options
*** WARNING: you are running uWSGI as root !!! (use the --uid flag) *** 
chdir() to /home/chenjialin/myflask
your processes number limit is 7770
your memory page size is 4096 bytes
detected max file descriptor number: 65535
lock engine: pthread robust mutexes
thunder lock: disabled (you can enable it with --thunder-lock)
error removing unix socket, unlink(): Is a directory [core/socket.c line 198]
bind(): Address already in use [core/socket.c line 230]
